Determining if the pthread_create exist failed with the following output:
Change Dir: /home/hadoop/hadoop-3.0.2-src/hadoop-hdfs-project/hadoop-hdfs-native-client/target/CMakeFiles/CMakeTmp

Run Build Command:"/bin/gmake" "cmTC_dc72e/fast"
/bin/gmake -f CMakeFiles/cmTC_dc72e.dir/build.make CMakeFiles/cmTC_dc72e.dir/build
gmake[1]: Entering directory `/home/hadoop/hadoop-3.0.2-src/hadoop-hdfs-project/hadoop-hdfs-native-client/target/CMakeFiles/CMakeTmp'
Building C object CMakeFiles/cmTC_dc72e.dir/CheckSymbolExists.c.o
/bin/cc     -o CMakeFiles/cmTC_dc72e.dir/CheckSymbolExists.c.o   -c /home/hadoop/hadoop-3.0.2-src/hadoop-hdfs-project/hadoop-hdfs-native-client/target/CMakeFiles/CMakeTmp/CheckSymbolExists.c
Linking C executable cmTC_dc72e
/usr/local/bin/cmake -E cmake_link_script CMakeFiles/cmTC_dc72e.dir/link.txt --verbose=1
/bin/cc       CMakeFiles/cmTC_dc72e.dir/CheckSymbolExists.c.o  -o cmTC_dc72e -rdynamic 
CMakeFiles/cmTC_dc72e.dir/CheckSymbolExists.c.o: In function `main':
CheckSymbolExists.c:(.text+0x16): undefined reference to `pthread_create'
collect2: error: ld returned 1 exit status
gmake[1]: *** [cmTC_dc72e] Error 1
gmake[1]: Leaving directory `/home/hadoop/hadoop-3.0.2-src/hadoop-hdfs-project/hadoop-hdfs-native-client/target/CMakeFiles/CMakeTmp'
gmake: *** [cmTC_dc72e/fast] Error 2

File /home/hadoop/hadoop-3.0.2-src/hadoop-hdfs-project/hadoop-hdfs-native-client/target/CMakeFiles/CMakeTmp/CheckSymbolExists.c:
/* */
#include <pthread.h>

int main(int argc, char** argv)
{
  (void)argv;
#ifndef pthread_create
  return ((int*)(&pthread_create))[argc];
#else
  (void)argc;
  return 0;
#endif
}

Determining if the function pthread_create exists in the pthreads failed with the following output:
Change Dir: /home/hadoop/hadoop-3.0.2-src/hadoop-hdfs-project/hadoop-hdfs-native-client/target/CMakeFiles/CMakeTmp

Run Build Command:"/bin/gmake" "cmTC_bf0c1/fast"
/bin/gmake -f CMakeFiles/cmTC_bf0c1.dir/build.make CMakeFiles/cmTC_bf0c1.dir/build
gmake[1]: Entering directory `/home/hadoop/hadoop-3.0.2-src/hadoop-hdfs-project/hadoop-hdfs-native-client/target/CMakeFiles/CMakeTmp'
Building C object CMakeFiles/cmTC_bf0c1.dir/CheckFunctionExists.c.o
/bin/cc    -DCHECK_FUNCTION_EXISTS=pthread_create   -o CMakeFiles/cmTC_bf0c1.dir/CheckFunctionExists.c.o   -c /usr/local/share/cmake-3.6/Modules/CheckFunctionExists.c
Linking C executable cmTC_bf0c1
/usr/local/bin/cmake -E cmake_link_script CMakeFiles/cmTC_bf0c1.dir/link.txt --verbose=1
/bin/cc   -DCHECK_FUNCTION_EXISTS=pthread_create    CMakeFiles/cmTC_bf0c1.dir/CheckFunctionExists.c.o  -o cmTC_bf0c1 -rdynamic -lpthreads 
/bin/ld: cannot find -lpthreads
collect2: error: ld returned 1 exit status
gmake[1]: *** [cmTC_bf0c1] Error 1
gmake[1]: Leaving directory `/home/hadoop/hadoop-3.0.2-src/hadoop-hdfs-project/hadoop-hdfs-native-client/target/CMakeFiles/CMakeTmp'
gmake: *** [cmTC_bf0c1/fast] Error 2


