The system is: Linux - 3.10.0-862.14.4.el7.x86_64 - x86_64
Compiling the C compiler identification source file "CMakeCCompilerId.c" succeeded.
Compiler: /bin/cc 
Build flags: 
Id flags: 

The output was:
0


Compilation of the C compiler identification source "CMakeCCompilerId.c" produced "a.out"

The C compiler identification is GNU, found in "/home/hadoop/hadoop-3.0.2-src/hadoop-hdfs-project/hadoop-hdfs-native-client/target/CMakeFiles/3.6.2/CompilerIdC/a.out"

Compiling the CXX compiler identification source file "CMakeCXXCompilerId.cpp" succeeded.
Compiler: /bin/c++ 
Build flags: 
Id flags: 

The output was:
0


Compilation of the CXX compiler identification source "CMakeCXXCompilerId.cpp" produced "a.out"

The CXX compiler identification is GNU, found in "/home/hadoop/hadoop-3.0.2-src/hadoop-hdfs-project/hadoop-hdfs-native-client/target/CMakeFiles/3.6.2/CompilerIdCXX/a.out"

Determining if the C compiler works passed with the following output:
Change Dir: /home/hadoop/hadoop-3.0.2-src/hadoop-hdfs-project/hadoop-hdfs-native-client/target/CMakeFiles/CMakeTmp

Run Build Command:"/bin/gmake" "cmTC_e750a/fast"
/bin/gmake -f CMakeFiles/cmTC_e750a.dir/build.make CMakeFiles/cmTC_e750a.dir/build
gmake[1]: Entering directory `/home/hadoop/hadoop-3.0.2-src/hadoop-hdfs-project/hadoop-hdfs-native-client/target/CMakeFiles/CMakeTmp'
Building C object CMakeFiles/cmTC_e750a.dir/testCCompiler.c.o
/bin/cc     -o CMakeFiles/cmTC_e750a.dir/testCCompiler.c.o   -c /home/hadoop/hadoop-3.0.2-src/hadoop-hdfs-project/hadoop-hdfs-native-client/target/CMakeFiles/CMakeTmp/testCCompiler.c
Linking C executable cmTC_e750a
/usr/local/bin/cmake -E cmake_link_script CMakeFiles/cmTC_e750a.dir/link.txt --verbose=1
/bin/cc       CMakeFiles/cmTC_e750a.dir/testCCompiler.c.o  -o cmTC_e750a -rdynamic 
gmake[1]: Leaving directory `/home/hadoop/hadoop-3.0.2-src/hadoop-hdfs-project/hadoop-hdfs-native-client/target/CMakeFiles/CMakeTmp'


Detecting C compiler ABI info compiled with the following output:
Change Dir: /home/hadoop/hadoop-3.0.2-src/hadoop-hdfs-project/hadoop-hdfs-native-client/target/CMakeFiles/CMakeTmp

Run Build Command:"/bin/gmake" "cmTC_4f3e7/fast"
/bin/gmake -f CMakeFiles/cmTC_4f3e7.dir/build.make CMakeFiles/cmTC_4f3e7.dir/build
gmake[1]: Entering directory `/home/hadoop/hadoop-3.0.2-src/hadoop-hdfs-project/hadoop-hdfs-native-client/target/CMakeFiles/CMakeTmp'
Building C object CMakeFiles/cmTC_4f3e7.dir/CMakeCCompilerABI.c.o
/bin/cc     -o CMakeFiles/cmTC_4f3e7.dir/CMakeCCompilerABI.c.o   -c /usr/local/share/cmake-3.6/Modules/CMakeCCompilerABI.c
Linking C executable cmTC_4f3e7
/usr/local/bin/cmake -E cmake_link_script CMakeFiles/cmTC_4f3e7.dir/link.txt --verbose=1
/bin/cc      -v CMakeFiles/cmTC_4f3e7.dir/CMakeCCompilerABI.c.o  -o cmTC_4f3e7 -rdynamic  
Using built-in specs.
COLLECT_GCC=/bin/cc
COLLECT_LTO_WRAPPER=/usr/libexec/gcc/x86_64-redhat-linux/4.8.5/lto-wrapper
Target: x86_64-redhat-linux
Configured with: ../configure --prefix=/usr --mandir=/usr/share/man --infodir=/usr/share/info --with-bugurl=http://bugzilla.redhat.com/bugzilla --enable-bootstrap --enable-shared --enable-threads=posix --enable-checking=release --with-system-zlib --enable-__cxa_atexit --disable-libunwind-exceptions --enable-gnu-unique-object --enable-linker-build-id --with-linker-hash-style=gnu --enable-languages=c,c++,objc,obj-c++,java,fortran,ada,go,lto --enable-plugin --enable-initfini-array --disable-libgcj --with-isl=/builddir/build/BUILD/gcc-4.8.5-20150702/obj-x86_64-redhat-linux/isl-install --with-cloog=/builddir/build/BUILD/gcc-4.8.5-20150702/obj-x86_64-redhat-linux/cloog-install --enable-gnu-indirect-function --with-tune=generic --with-arch_32=x86-64 --build=x86_64-redhat-linux
Thread model: posix
gcc version 4.8.5 20150623 (Red Hat 4.8.5-36) (GCC) 
COMPILER_PATH=/usr/libexec/gcc/x86_64-redhat-linux/4.8.5/:/usr/libexec/gcc/x86_64-redhat-linux/4.8.5/:/usr/libexec/gcc/x86_64-redhat-linux/:/usr/lib/gcc/x86_64-redhat-linux/4.8.5/:/usr/lib/gcc/x86_64-redhat-linux/
LIBRARY_PATH=/usr/lib/gcc/x86_64-redhat-linux/4.8.5/:/usr/lib/gcc/x86_64-redhat-linux/4.8.5/../../../../lib64/:/lib/../lib64/:/usr/lib/../lib64/:/usr/lib/gcc/x86_64-redhat-linux/4.8.5/../../../:/lib/:/usr/lib/
COLLECT_GCC_OPTIONS='-v' '-o' 'cmTC_4f3e7' '-rdynamic' '-mtune=generic' '-march=x86-64'
 /usr/libexec/gcc/x86_64-redhat-linux/4.8.5/collect2 --build-id --no-add-needed --eh-frame-hdr --hash-style=gnu -m elf_x86_64 -export-dynamic -dynamic-linker /lib64/ld-linux-x86-64.so.2 -o cmTC_4f3e7 /usr/lib/gcc/x86_64-redhat-linux/4.8.5/../../../../lib64/crt1.o /usr/lib/gcc/x86_64-redhat-linux/4.8.5/../../../../lib64/crti.o /usr/lib/gcc/x86_64-redhat-linux/4.8.5/crtbegin.o -L/usr/lib/gcc/x86_64-redhat-linux/4.8.5 -L/usr/lib/gcc/x86_64-redhat-linux/4.8.5/../../../../lib64 -L/lib/../lib64 -L/usr/lib/../lib64 -L/usr/lib/gcc/x86_64-redhat-linux/4.8.5/../../.. CMakeFiles/cmTC_4f3e7.dir/CMakeCCompilerABI.c.o -lgcc --as-needed -lgcc_s --no-as-needed -lc -lgcc --as-needed -lgcc_s --no-as-needed /usr/lib/gcc/x86_64-redhat-linux/4.8.5/crtend.o /usr/lib/gcc/x86_64-redhat-linux/4.8.5/../../../../lib64/crtn.o
gmake[1]: Leaving directory `/home/hadoop/hadoop-3.0.2-src/hadoop-hdfs-project/hadoop-hdfs-native-client/target/CMakeFiles/CMakeTmp'


Parsed C implicit link information from above output:
  link line regex: [^( *|.*[/\])(ld|([^/\]+-)?ld|collect2)[^/\]*( |$)]
  ignore line: [Change Dir: /home/hadoop/hadoop-3.0.2-src/hadoop-hdfs-project/hadoop-hdfs-native-client/target/CMakeFiles/CMakeTmp]
  ignore line: []
  ignore line: [Run Build Command:"/bin/gmake" "cmTC_4f3e7/fast"]
  ignore line: [/bin/gmake -f CMakeFiles/cmTC_4f3e7.dir/build.make CMakeFiles/cmTC_4f3e7.dir/build]
  ignore line: [gmake[1]: Entering directory `/home/hadoop/hadoop-3.0.2-src/hadoop-hdfs-project/hadoop-hdfs-native-client/target/CMakeFiles/CMakeTmp']
  ignore line: [Building C object CMakeFiles/cmTC_4f3e7.dir/CMakeCCompilerABI.c.o]
  ignore line: [/bin/cc     -o CMakeFiles/cmTC_4f3e7.dir/CMakeCCompilerABI.c.o   -c /usr/local/share/cmake-3.6/Modules/CMakeCCompilerABI.c]
  ignore line: [Linking C executable cmTC_4f3e7]
  ignore line: [/usr/local/bin/cmake -E cmake_link_script CMakeFiles/cmTC_4f3e7.dir/link.txt --verbose=1]
  ignore line: [/bin/cc      -v CMakeFiles/cmTC_4f3e7.dir/CMakeCCompilerABI.c.o  -o cmTC_4f3e7 -rdynamic  ]
  ignore line: [Using built-in specs.]
  ignore line: [COLLECT_GCC=/bin/cc]
  ignore line: [COLLECT_LTO_WRAPPER=/usr/libexec/gcc/x86_64-redhat-linux/4.8.5/lto-wrapper]
  ignore line: [Target: x86_64-redhat-linux]
  ignore line: [Configured with: ../configure --prefix=/usr --mandir=/usr/share/man --infodir=/usr/share/info --with-bugurl=http://bugzilla.redhat.com/bugzilla --enable-bootstrap --enable-shared --enable-threads=posix --enable-checking=release --with-system-zlib --enable-__cxa_atexit --disable-libunwind-exceptions --enable-gnu-unique-object --enable-linker-build-id --with-linker-hash-style=gnu --enable-languages=c,c++,objc,obj-c++,java,fortran,ada,go,lto --enable-plugin --enable-initfini-array --disable-libgcj --with-isl=/builddir/build/BUILD/gcc-4.8.5-20150702/obj-x86_64-redhat-linux/isl-install --with-cloog=/builddir/build/BUILD/gcc-4.8.5-20150702/obj-x86_64-redhat-linux/cloog-install --enable-gnu-indirect-function --with-tune=generic --with-arch_32=x86-64 --build=x86_64-redhat-linux]
  ignore line: [Thread model: posix]
  ignore line: [gcc version 4.8.5 20150623 (Red Hat 4.8.5-36) (GCC) ]
  ignore line: [COMPILER_PATH=/usr/libexec/gcc/x86_64-redhat-linux/4.8.5/:/usr/libexec/gcc/x86_64-redhat-linux/4.8.5/:/usr/libexec/gcc/x86_64-redhat-linux/:/usr/lib/gcc/x86_64-redhat-linux/4.8.5/:/usr/lib/gcc/x86_64-redhat-linux/]
  ignore line: [LIBRARY_PATH=/usr/lib/gcc/x86_64-redhat-linux/4.8.5/:/usr/lib/gcc/x86_64-redhat-linux/4.8.5/../../../../lib64/:/lib/../lib64/:/usr/lib/../lib64/:/usr/lib/gcc/x86_64-redhat-linux/4.8.5/../../../:/lib/:/usr/lib/]
  ignore line: [COLLECT_GCC_OPTIONS='-v' '-o' 'cmTC_4f3e7' '-rdynamic' '-mtune=generic' '-march=x86-64']
  link line: [ /usr/libexec/gcc/x86_64-redhat-linux/4.8.5/collect2 --build-id --no-add-needed --eh-frame-hdr --hash-style=gnu -m elf_x86_64 -export-dynamic -dynamic-linker /lib64/ld-linux-x86-64.so.2 -o cmTC_4f3e7 /usr/lib/gcc/x86_64-redhat-linux/4.8.5/../../../../lib64/crt1.o /usr/lib/gcc/x86_64-redhat-linux/4.8.5/../../../../lib64/crti.o /usr/lib/gcc/x86_64-redhat-linux/4.8.5/crtbegin.o -L/usr/lib/gcc/x86_64-redhat-linux/4.8.5 -L/usr/lib/gcc/x86_64-redhat-linux/4.8.5/../../../../lib64 -L/lib/../lib64 -L/usr/lib/../lib64 -L/usr/lib/gcc/x86_64-redhat-linux/4.8.5/../../.. CMakeFiles/cmTC_4f3e7.dir/CMakeCCompilerABI.c.o -lgcc --as-needed -lgcc_s --no-as-needed -lc -lgcc --as-needed -lgcc_s --no-as-needed /usr/lib/gcc/x86_64-redhat-linux/4.8.5/crtend.o /usr/lib/gcc/x86_64-redhat-linux/4.8.5/../../../../lib64/crtn.o]
    arg [/usr/libexec/gcc/x86_64-redhat-linux/4.8.5/collect2] ==> ignore
    arg [--build-id] ==> ignore
    arg [--no-add-needed] ==> ignore
    arg [--eh-frame-hdr] ==> ignore
    arg [--hash-style=gnu] ==> ignore
    arg [-m] ==> ignore
    arg [elf_x86_64] ==> ignore
    arg [-export-dynamic] ==> ignore
    arg [-dynamic-linker] ==> ignore
    arg [/lib64/ld-linux-x86-64.so.2] ==> ignore
    arg [-o] ==> ignore
    arg [cmTC_4f3e7] ==> ignore
    arg [/usr/lib/gcc/x86_64-redhat-linux/4.8.5/../../../../lib64/crt1.o] ==> ignore
    arg [/usr/lib/gcc/x86_64-redhat-linux/4.8.5/../../../../lib64/crti.o] ==> ignore
    arg [/usr/lib/gcc/x86_64-redhat-linux/4.8.5/crtbegin.o] ==> ignore
    arg [-L/usr/lib/gcc/x86_64-redhat-linux/4.8.5] ==> dir [/usr/lib/gcc/x86_64-redhat-linux/4.8.5]
    arg [-L/usr/lib/gcc/x86_64-redhat-linux/4.8.5/../../../../lib64] ==> dir [/usr/lib/gcc/x86_64-redhat-linux/4.8.5/../../../../lib64]
    arg [-L/lib/../lib64] ==> dir [/lib/../lib64]
    arg [-L/usr/lib/../lib64] ==> dir [/usr/lib/../lib64]
    arg [-L/usr/lib/gcc/x86_64-redhat-linux/4.8.5/../../..] ==> dir [/usr/lib/gcc/x86_64-redhat-linux/4.8.5/../../..]
    arg [CMakeFiles/cmTC_4f3e7.dir/CMakeCCompilerABI.c.o] ==> ignore
    arg [-lgcc] ==> lib [gcc]
    arg [--as-needed] ==> ignore
    arg [-lgcc_s] ==> lib [gcc_s]
    arg [--no-as-needed] ==> ignore
    arg [-lc] ==> lib [c]
    arg [-lgcc] ==> lib [gcc]
    arg [--as-needed] ==> ignore
    arg [-lgcc_s] ==> lib [gcc_s]
    arg [--no-as-needed] ==> ignore
    arg [/usr/lib/gcc/x86_64-redhat-linux/4.8.5/crtend.o] ==> ignore
    arg [/usr/lib/gcc/x86_64-redhat-linux/4.8.5/../../../../lib64/crtn.o] ==> ignore
  remove lib [gcc]
  remove lib [gcc_s]
  remove lib [gcc]
  remove lib [gcc_s]
  collapse library dir [/usr/lib/gcc/x86_64-redhat-linux/4.8.5] ==> [/usr/lib/gcc/x86_64-redhat-linux/4.8.5]
  collapse library dir [/usr/lib/gcc/x86_64-redhat-linux/4.8.5/../../../../lib64] ==> [/usr/lib64]
  collapse library dir [/lib/../lib64] ==> [/lib64]
  collapse library dir [/usr/lib/../lib64] ==> [/usr/lib64]
  collapse library dir [/usr/lib/gcc/x86_64-redhat-linux/4.8.5/../../..] ==> [/usr/lib]
  implicit libs: [c]
  implicit dirs: [/usr/lib/gcc/x86_64-redhat-linux/4.8.5;/usr/lib64;/lib64;/usr/lib]
  implicit fwks: []




Detecting C [-std=c11] compiler features compiled with the following output:
Change Dir: /home/hadoop/hadoop-3.0.2-src/hadoop-hdfs-project/hadoop-hdfs-native-client/target/CMakeFiles/CMakeTmp

Run Build Command:"/bin/gmake" "cmTC_310a2/fast"
/bin/gmake -f CMakeFiles/cmTC_310a2.dir/build.make CMakeFiles/cmTC_310a2.dir/build
gmake[1]: Entering directory `/home/hadoop/hadoop-3.0.2-src/hadoop-hdfs-project/hadoop-hdfs-native-client/target/CMakeFiles/CMakeTmp'
Building C object CMakeFiles/cmTC_310a2.dir/feature_tests.c.o
/bin/cc    -std=c11 -o CMakeFiles/cmTC_310a2.dir/feature_tests.c.o   -c /home/hadoop/hadoop-3.0.2-src/hadoop-hdfs-project/hadoop-hdfs-native-client/target/CMakeFiles/feature_tests.c
Linking C executable cmTC_310a2
/usr/local/bin/cmake -E cmake_link_script CMakeFiles/cmTC_310a2.dir/link.txt --verbose=1
/bin/cc       CMakeFiles/cmTC_310a2.dir/feature_tests.c.o  -o cmTC_310a2 -rdynamic 
gmake[1]: Leaving directory `/home/hadoop/hadoop-3.0.2-src/hadoop-hdfs-project/hadoop-hdfs-native-client/target/CMakeFiles/CMakeTmp'


    Feature record: C_FEATURE:1c_function_prototypes
    Feature record: C_FEATURE:1c_restrict
    Feature record: C_FEATURE:1c_static_assert
    Feature record: C_FEATURE:1c_variadic_macros


Detecting C [-std=c99] compiler features compiled with the following output:
Change Dir: /home/hadoop/hadoop-3.0.2-src/hadoop-hdfs-project/hadoop-hdfs-native-client/target/CMakeFiles/CMakeTmp

Run Build Command:"/bin/gmake" "cmTC_b6255/fast"
/bin/gmake -f CMakeFiles/cmTC_b6255.dir/build.make CMakeFiles/cmTC_b6255.dir/build
gmake[1]: Entering directory `/home/hadoop/hadoop-3.0.2-src/hadoop-hdfs-project/hadoop-hdfs-native-client/target/CMakeFiles/CMakeTmp'
Building C object CMakeFiles/cmTC_b6255.dir/feature_tests.c.o
/bin/cc    -std=c99 -o CMakeFiles/cmTC_b6255.dir/feature_tests.c.o   -c /home/hadoop/hadoop-3.0.2-src/hadoop-hdfs-project/hadoop-hdfs-native-client/target/CMakeFiles/feature_tests.c
Linking C executable cmTC_b6255
/usr/local/bin/cmake -E cmake_link_script CMakeFiles/cmTC_b6255.dir/link.txt --verbose=1
/bin/cc       CMakeFiles/cmTC_b6255.dir/feature_tests.c.o  -o cmTC_b6255 -rdynamic 
gmake[1]: Leaving directory `/home/hadoop/hadoop-3.0.2-src/hadoop-hdfs-project/hadoop-hdfs-native-client/target/CMakeFiles/CMakeTmp'


    Feature record: C_FEATURE:1c_function_prototypes
    Feature record: C_FEATURE:1c_restrict
    Feature record: C_FEATURE:0c_static_assert
    Feature record: C_FEATURE:1c_variadic_macros


Detecting C [-std=c90] compiler features compiled with the following output:
Change Dir: /home/hadoop/hadoop-3.0.2-src/hadoop-hdfs-project/hadoop-hdfs-native-client/target/CMakeFiles/CMakeTmp

Run Build Command:"/bin/gmake" "cmTC_0ff64/fast"
/bin/gmake -f CMakeFiles/cmTC_0ff64.dir/build.make CMakeFiles/cmTC_0ff64.dir/build
gmake[1]: Entering directory `/home/hadoop/hadoop-3.0.2-src/hadoop-hdfs-project/hadoop-hdfs-native-client/target/CMakeFiles/CMakeTmp'
Building C object CMakeFiles/cmTC_0ff64.dir/feature_tests.c.o
/bin/cc    -std=c90 -o CMakeFiles/cmTC_0ff64.dir/feature_tests.c.o   -c /home/hadoop/hadoop-3.0.2-src/hadoop-hdfs-project/hadoop-hdfs-native-client/target/CMakeFiles/feature_tests.c
Linking C executable cmTC_0ff64
/usr/local/bin/cmake -E cmake_link_script CMakeFiles/cmTC_0ff64.dir/link.txt --verbose=1
/bin/cc       CMakeFiles/cmTC_0ff64.dir/feature_tests.c.o  -o cmTC_0ff64 -rdynamic 
gmake[1]: Leaving directory `/home/hadoop/hadoop-3.0.2-src/hadoop-hdfs-project/hadoop-hdfs-native-client/target/CMakeFiles/CMakeTmp'


    Feature record: C_FEATURE:1c_function_prototypes
    Feature record: C_FEATURE:0c_restrict
    Feature record: C_FEATURE:0c_static_assert
    Feature record: C_FEATURE:0c_variadic_macros
Determining if the CXX compiler works passed with the following output:
Change Dir: /home/hadoop/hadoop-3.0.2-src/hadoop-hdfs-project/hadoop-hdfs-native-client/target/CMakeFiles/CMakeTmp

Run Build Command:"/bin/gmake" "cmTC_9ca2e/fast"
/bin/gmake -f CMakeFiles/cmTC_9ca2e.dir/build.make CMakeFiles/cmTC_9ca2e.dir/build
gmake[1]: Entering directory `/home/hadoop/hadoop-3.0.2-src/hadoop-hdfs-project/hadoop-hdfs-native-client/target/CMakeFiles/CMakeTmp'
Building CXX object CMakeFiles/cmTC_9ca2e.dir/testCXXCompiler.cxx.o
/bin/c++      -o CMakeFiles/cmTC_9ca2e.dir/testCXXCompiler.cxx.o -c /home/hadoop/hadoop-3.0.2-src/hadoop-hdfs-project/hadoop-hdfs-native-client/target/CMakeFiles/CMakeTmp/testCXXCompiler.cxx
Linking CXX executable cmTC_9ca2e
/usr/local/bin/cmake -E cmake_link_script CMakeFiles/cmTC_9ca2e.dir/link.txt --verbose=1
/bin/c++        CMakeFiles/cmTC_9ca2e.dir/testCXXCompiler.cxx.o  -o cmTC_9ca2e -rdynamic 
gmake[1]: Leaving directory `/home/hadoop/hadoop-3.0.2-src/hadoop-hdfs-project/hadoop-hdfs-native-client/target/CMakeFiles/CMakeTmp'


Detecting CXX compiler ABI info compiled with the following output:
Change Dir: /home/hadoop/hadoop-3.0.2-src/hadoop-hdfs-project/hadoop-hdfs-native-client/target/CMakeFiles/CMakeTmp

Run Build Command:"/bin/gmake" "cmTC_01578/fast"
/bin/gmake -f CMakeFiles/cmTC_01578.dir/build.make CMakeFiles/cmTC_01578.dir/build
gmake[1]: Entering directory `/home/hadoop/hadoop-3.0.2-src/hadoop-hdfs-project/hadoop-hdfs-native-client/target/CMakeFiles/CMakeTmp'
Building CXX object CMakeFiles/cmTC_01578.dir/CMakeCXXCompilerABI.cpp.o
/bin/c++      -o CMakeFiles/cmTC_01578.dir/CMakeCXXCompilerABI.cpp.o -c /usr/local/share/cmake-3.6/Modules/CMakeCXXCompilerABI.cpp
Linking CXX executable cmTC_01578
/usr/local/bin/cmake -E cmake_link_script CMakeFiles/cmTC_01578.dir/link.txt --verbose=1
/bin/c++       -v CMakeFiles/cmTC_01578.dir/CMakeCXXCompilerABI.cpp.o  -o cmTC_01578 -rdynamic  
Using built-in specs.
COLLECT_GCC=/bin/c++
COLLECT_LTO_WRAPPER=/usr/libexec/gcc/x86_64-redhat-linux/4.8.5/lto-wrapper
Target: x86_64-redhat-linux
Configured with: ../configure --prefix=/usr --mandir=/usr/share/man --infodir=/usr/share/info --with-bugurl=http://bugzilla.redhat.com/bugzilla --enable-bootstrap --enable-shared --enable-threads=posix --enable-checking=release --with-system-zlib --enable-__cxa_atexit --disable-libunwind-exceptions --enable-gnu-unique-object --enable-linker-build-id --with-linker-hash-style=gnu --enable-languages=c,c++,objc,obj-c++,java,fortran,ada,go,lto --enable-plugin --enable-initfini-array --disable-libgcj --with-isl=/builddir/build/BUILD/gcc-4.8.5-20150702/obj-x86_64-redhat-linux/isl-install --with-cloog=/builddir/build/BUILD/gcc-4.8.5-20150702/obj-x86_64-redhat-linux/cloog-install --enable-gnu-indirect-function --with-tune=generic --with-arch_32=x86-64 --build=x86_64-redhat-linux
Thread model: posix
gcc version 4.8.5 20150623 (Red Hat 4.8.5-36) (GCC) 
COMPILER_PATH=/usr/libexec/gcc/x86_64-redhat-linux/4.8.5/:/usr/libexec/gcc/x86_64-redhat-linux/4.8.5/:/usr/libexec/gcc/x86_64-redhat-linux/:/usr/lib/gcc/x86_64-redhat-linux/4.8.5/:/usr/lib/gcc/x86_64-redhat-linux/
LIBRARY_PATH=/usr/lib/gcc/x86_64-redhat-linux/4.8.5/:/usr/lib/gcc/x86_64-redhat-linux/4.8.5/../../../../lib64/:/lib/../lib64/:/usr/lib/../lib64/:/usr/lib/gcc/x86_64-redhat-linux/4.8.5/../../../:/lib/:/usr/lib/
COLLECT_GCC_OPTIONS='-v' '-o' 'cmTC_01578' '-rdynamic' '-shared-libgcc' '-mtune=generic' '-march=x86-64'
 /usr/libexec/gcc/x86_64-redhat-linux/4.8.5/collect2 --build-id --no-add-needed --eh-frame-hdr --hash-style=gnu -m elf_x86_64 -export-dynamic -dynamic-linker /lib64/ld-linux-x86-64.so.2 -o cmTC_01578 /usr/lib/gcc/x86_64-redhat-linux/4.8.5/../../../../lib64/crt1.o /usr/lib/gcc/x86_64-redhat-linux/4.8.5/../../../../lib64/crti.o /usr/lib/gcc/x86_64-redhat-linux/4.8.5/crtbegin.o -L/usr/lib/gcc/x86_64-redhat-linux/4.8.5 -L/usr/lib/gcc/x86_64-redhat-linux/4.8.5/../../../../lib64 -L/lib/../lib64 -L/usr/lib/../lib64 -L/usr/lib/gcc/x86_64-redhat-linux/4.8.5/../../.. CMakeFiles/cmTC_01578.dir/CMakeCXXCompilerABI.cpp.o -lstdc++ -lm -lgcc_s -lgcc -lc -lgcc_s -lgcc /usr/lib/gcc/x86_64-redhat-linux/4.8.5/crtend.o /usr/lib/gcc/x86_64-redhat-linux/4.8.5/../../../../lib64/crtn.o
gmake[1]: Leaving directory `/home/hadoop/hadoop-3.0.2-src/hadoop-hdfs-project/hadoop-hdfs-native-client/target/CMakeFiles/CMakeTmp'


Parsed CXX implicit link information from above output:
  link line regex: [^( *|.*[/\])(ld|([^/\]+-)?ld|collect2)[^/\]*( |$)]
  ignore line: [Change Dir: /home/hadoop/hadoop-3.0.2-src/hadoop-hdfs-project/hadoop-hdfs-native-client/target/CMakeFiles/CMakeTmp]
  ignore line: []
  ignore line: [Run Build Command:"/bin/gmake" "cmTC_01578/fast"]
  ignore line: [/bin/gmake -f CMakeFiles/cmTC_01578.dir/build.make CMakeFiles/cmTC_01578.dir/build]
  ignore line: [gmake[1]: Entering directory `/home/hadoop/hadoop-3.0.2-src/hadoop-hdfs-project/hadoop-hdfs-native-client/target/CMakeFiles/CMakeTmp']
  ignore line: [Building CXX object CMakeFiles/cmTC_01578.dir/CMakeCXXCompilerABI.cpp.o]
  ignore line: [/bin/c++      -o CMakeFiles/cmTC_01578.dir/CMakeCXXCompilerABI.cpp.o -c /usr/local/share/cmake-3.6/Modules/CMakeCXXCompilerABI.cpp]
  ignore line: [Linking CXX executable cmTC_01578]
  ignore line: [/usr/local/bin/cmake -E cmake_link_script CMakeFiles/cmTC_01578.dir/link.txt --verbose=1]
  ignore line: [/bin/c++       -v CMakeFiles/cmTC_01578.dir/CMakeCXXCompilerABI.cpp.o  -o cmTC_01578 -rdynamic  ]
  ignore line: [Using built-in specs.]
  ignore line: [COLLECT_GCC=/bin/c++]
  ignore line: [COLLECT_LTO_WRAPPER=/usr/libexec/gcc/x86_64-redhat-linux/4.8.5/lto-wrapper]
  ignore line: [Target: x86_64-redhat-linux]
  ignore line: [Configured with: ../configure --prefix=/usr --mandir=/usr/share/man --infodir=/usr/share/info --with-bugurl=http://bugzilla.redhat.com/bugzilla --enable-bootstrap --enable-shared --enable-threads=posix --enable-checking=release --with-system-zlib --enable-__cxa_atexit --disable-libunwind-exceptions --enable-gnu-unique-object --enable-linker-build-id --with-linker-hash-style=gnu --enable-languages=c,c++,objc,obj-c++,java,fortran,ada,go,lto --enable-plugin --enable-initfini-array --disable-libgcj --with-isl=/builddir/build/BUILD/gcc-4.8.5-20150702/obj-x86_64-redhat-linux/isl-install --with-cloog=/builddir/build/BUILD/gcc-4.8.5-20150702/obj-x86_64-redhat-linux/cloog-install --enable-gnu-indirect-function --with-tune=generic --with-arch_32=x86-64 --build=x86_64-redhat-linux]
  ignore line: [Thread model: posix]
  ignore line: [gcc version 4.8.5 20150623 (Red Hat 4.8.5-36) (GCC) ]
  ignore line: [COMPILER_PATH=/usr/libexec/gcc/x86_64-redhat-linux/4.8.5/:/usr/libexec/gcc/x86_64-redhat-linux/4.8.5/:/usr/libexec/gcc/x86_64-redhat-linux/:/usr/lib/gcc/x86_64-redhat-linux/4.8.5/:/usr/lib/gcc/x86_64-redhat-linux/]
  ignore line: [LIBRARY_PATH=/usr/lib/gcc/x86_64-redhat-linux/4.8.5/:/usr/lib/gcc/x86_64-redhat-linux/4.8.5/../../../../lib64/:/lib/../lib64/:/usr/lib/../lib64/:/usr/lib/gcc/x86_64-redhat-linux/4.8.5/../../../:/lib/:/usr/lib/]
  ignore line: [COLLECT_GCC_OPTIONS='-v' '-o' 'cmTC_01578' '-rdynamic' '-shared-libgcc' '-mtune=generic' '-march=x86-64']
  link line: [ /usr/libexec/gcc/x86_64-redhat-linux/4.8.5/collect2 --build-id --no-add-needed --eh-frame-hdr --hash-style=gnu -m elf_x86_64 -export-dynamic -dynamic-linker /lib64/ld-linux-x86-64.so.2 -o cmTC_01578 /usr/lib/gcc/x86_64-redhat-linux/4.8.5/../../../../lib64/crt1.o /usr/lib/gcc/x86_64-redhat-linux/4.8.5/../../../../lib64/crti.o /usr/lib/gcc/x86_64-redhat-linux/4.8.5/crtbegin.o -L/usr/lib/gcc/x86_64-redhat-linux/4.8.5 -L/usr/lib/gcc/x86_64-redhat-linux/4.8.5/../../../../lib64 -L/lib/../lib64 -L/usr/lib/../lib64 -L/usr/lib/gcc/x86_64-redhat-linux/4.8.5/../../.. CMakeFiles/cmTC_01578.dir/CMakeCXXCompilerABI.cpp.o -lstdc++ -lm -lgcc_s -lgcc -lc -lgcc_s -lgcc /usr/lib/gcc/x86_64-redhat-linux/4.8.5/crtend.o /usr/lib/gcc/x86_64-redhat-linux/4.8.5/../../../../lib64/crtn.o]
    arg [/usr/libexec/gcc/x86_64-redhat-linux/4.8.5/collect2] ==> ignore
    arg [--build-id] ==> ignore
    arg [--no-add-needed] ==> ignore
    arg [--eh-frame-hdr] ==> ignore
    arg [--hash-style=gnu] ==> ignore
    arg [-m] ==> ignore
    arg [elf_x86_64] ==> ignore
    arg [-export-dynamic] ==> ignore
    arg [-dynamic-linker] ==> ignore
    arg [/lib64/ld-linux-x86-64.so.2] ==> ignore
    arg [-o] ==> ignore
    arg [cmTC_01578] ==> ignore
    arg [/usr/lib/gcc/x86_64-redhat-linux/4.8.5/../../../../lib64/crt1.o] ==> ignore
    arg [/usr/lib/gcc/x86_64-redhat-linux/4.8.5/../../../../lib64/crti.o] ==> ignore
    arg [/usr/lib/gcc/x86_64-redhat-linux/4.8.5/crtbegin.o] ==> ignore
    arg [-L/usr/lib/gcc/x86_64-redhat-linux/4.8.5] ==> dir [/usr/lib/gcc/x86_64-redhat-linux/4.8.5]
    arg [-L/usr/lib/gcc/x86_64-redhat-linux/4.8.5/../../../../lib64] ==> dir [/usr/lib/gcc/x86_64-redhat-linux/4.8.5/../../../../lib64]
    arg [-L/lib/../lib64] ==> dir [/lib/../lib64]
    arg [-L/usr/lib/../lib64] ==> dir [/usr/lib/../lib64]
    arg [-L/usr/lib/gcc/x86_64-redhat-linux/4.8.5/../../..] ==> dir [/usr/lib/gcc/x86_64-redhat-linux/4.8.5/../../..]
    arg [CMakeFiles/cmTC_01578.dir/CMakeCXXCompilerABI.cpp.o] ==> ignore
    arg [-lstdc++] ==> lib [stdc++]
    arg [-lm] ==> lib [m]
    arg [-lgcc_s] ==> lib [gcc_s]
    arg [-lgcc] ==> lib [gcc]
    arg [-lc] ==> lib [c]
    arg [-lgcc_s] ==> lib [gcc_s]
    arg [-lgcc] ==> lib [gcc]
    arg [/usr/lib/gcc/x86_64-redhat-linux/4.8.5/crtend.o] ==> ignore
    arg [/usr/lib/gcc/x86_64-redhat-linux/4.8.5/../../../../lib64/crtn.o] ==> ignore
  remove lib [gcc_s]
  remove lib [gcc]
  remove lib [gcc_s]
  remove lib [gcc]
  collapse library dir [/usr/lib/gcc/x86_64-redhat-linux/4.8.5] ==> [/usr/lib/gcc/x86_64-redhat-linux/4.8.5]
  collapse library dir [/usr/lib/gcc/x86_64-redhat-linux/4.8.5/../../../../lib64] ==> [/usr/lib64]
  collapse library dir [/lib/../lib64] ==> [/lib64]
  collapse library dir [/usr/lib/../lib64] ==> [/usr/lib64]
  collapse library dir [/usr/lib/gcc/x86_64-redhat-linux/4.8.5/../../..] ==> [/usr/lib]
  implicit libs: [stdc++;m;c]
  implicit dirs: [/usr/lib/gcc/x86_64-redhat-linux/4.8.5;/usr/lib64;/lib64;/usr/lib]
  implicit fwks: []




Detecting CXX [-std=c++1y] compiler features compiled with the following output:
Change Dir: /home/hadoop/hadoop-3.0.2-src/hadoop-hdfs-project/hadoop-hdfs-native-client/target/CMakeFiles/CMakeTmp

Run Build Command:"/bin/gmake" "cmTC_c4368/fast"
/bin/gmake -f CMakeFiles/cmTC_c4368.dir/build.make CMakeFiles/cmTC_c4368.dir/build
gmake[1]: Entering directory `/home/hadoop/hadoop-3.0.2-src/hadoop-hdfs-project/hadoop-hdfs-native-client/target/CMakeFiles/CMakeTmp'
Building CXX object CMakeFiles/cmTC_c4368.dir/feature_tests.cxx.o
/bin/c++     -std=c++1y -o CMakeFiles/cmTC_c4368.dir/feature_tests.cxx.o -c /home/hadoop/hadoop-3.0.2-src/hadoop-hdfs-project/hadoop-hdfs-native-client/target/CMakeFiles/feature_tests.cxx
Linking CXX executable cmTC_c4368
/usr/local/bin/cmake -E cmake_link_script CMakeFiles/cmTC_c4368.dir/link.txt --verbose=1
/bin/c++        CMakeFiles/cmTC_c4368.dir/feature_tests.cxx.o  -o cmTC_c4368 -rdynamic 
gmake[1]: Leaving directory `/home/hadoop/hadoop-3.0.2-src/hadoop-hdfs-project/hadoop-hdfs-native-client/target/CMakeFiles/CMakeTmp'


    Feature record: CXX_FEATURE:0cxx_aggregate_default_initializers
    Feature record: CXX_FEATURE:1cxx_alias_templates
    Feature record: CXX_FEATURE:1cxx_alignas
    Feature record: CXX_FEATURE:1cxx_alignof
    Feature record: CXX_FEATURE:1cxx_attributes
    Feature record: CXX_FEATURE:0cxx_attribute_deprecated
    Feature record: CXX_FEATURE:1cxx_auto_type
    Feature record: CXX_FEATURE:0cxx_binary_literals
    Feature record: CXX_FEATURE:1cxx_constexpr
    Feature record: CXX_FEATURE:0cxx_contextual_conversions
    Feature record: CXX_FEATURE:1cxx_decltype
    Feature record: CXX_FEATURE:0cxx_decltype_auto
    Feature record: CXX_FEATURE:1cxx_decltype_incomplete_return_types
    Feature record: CXX_FEATURE:1cxx_default_function_template_args
    Feature record: CXX_FEATURE:1cxx_defaulted_functions
    Feature record: CXX_FEATURE:1cxx_defaulted_move_initializers
    Feature record: CXX_FEATURE:1cxx_delegating_constructors
    Feature record: CXX_FEATURE:1cxx_deleted_functions
    Feature record: CXX_FEATURE:0cxx_digit_separators
    Feature record: CXX_FEATURE:1cxx_enum_forward_declarations
    Feature record: CXX_FEATURE:1cxx_explicit_conversions
    Feature record: CXX_FEATURE:1cxx_extended_friend_declarations
    Feature record: CXX_FEATURE:1cxx_extern_templates
    Feature record: CXX_FEATURE:1cxx_final
    Feature record: CXX_FEATURE:1cxx_func_identifier
    Feature record: CXX_FEATURE:1cxx_generalized_initializers
    Feature record: CXX_FEATURE:0cxx_generic_lambdas
    Feature record: CXX_FEATURE:1cxx_inheriting_constructors
    Feature record: CXX_FEATURE:1cxx_inline_namespaces
    Feature record: CXX_FEATURE:1cxx_lambdas
    Feature record: CXX_FEATURE:0cxx_lambda_init_captures
    Feature record: CXX_FEATURE:1cxx_local_type_template_args
    Feature record: CXX_FEATURE:1cxx_long_long_type
    Feature record: CXX_FEATURE:1cxx_noexcept
    Feature record: CXX_FEATURE:1cxx_nonstatic_member_init
    Feature record: CXX_FEATURE:1cxx_nullptr
    Feature record: CXX_FEATURE:1cxx_override
    Feature record: CXX_FEATURE:1cxx_range_for
    Feature record: CXX_FEATURE:1cxx_raw_string_literals
    Feature record: CXX_FEATURE:1cxx_reference_qualified_functions
    Feature record: CXX_FEATURE:0cxx_relaxed_constexpr
    Feature record: CXX_FEATURE:0cxx_return_type_deduction
    Feature record: CXX_FEATURE:1cxx_right_angle_brackets
    Feature record: CXX_FEATURE:1cxx_rvalue_references
    Feature record: CXX_FEATURE:1cxx_sizeof_member
    Feature record: CXX_FEATURE:1cxx_static_assert
    Feature record: CXX_FEATURE:1cxx_strong_enums
    Feature record: CXX_FEATURE:1cxx_template_template_parameters
    Feature record: CXX_FEATURE:1cxx_thread_local
    Feature record: CXX_FEATURE:1cxx_trailing_return_types
    Feature record: CXX_FEATURE:1cxx_unicode_literals
    Feature record: CXX_FEATURE:1cxx_uniform_initialization
    Feature record: CXX_FEATURE:1cxx_unrestricted_unions
    Feature record: CXX_FEATURE:1cxx_user_literals
    Feature record: CXX_FEATURE:0cxx_variable_templates
    Feature record: CXX_FEATURE:1cxx_variadic_macros
    Feature record: CXX_FEATURE:1cxx_variadic_templates


Detecting CXX [-std=c++11] compiler features compiled with the following output:
Change Dir: /home/hadoop/hadoop-3.0.2-src/hadoop-hdfs-project/hadoop-hdfs-native-client/target/CMakeFiles/CMakeTmp

Run Build Command:"/bin/gmake" "cmTC_b14c8/fast"
/bin/gmake -f CMakeFiles/cmTC_b14c8.dir/build.make CMakeFiles/cmTC_b14c8.dir/build
gmake[1]: Entering directory `/home/hadoop/hadoop-3.0.2-src/hadoop-hdfs-project/hadoop-hdfs-native-client/target/CMakeFiles/CMakeTmp'
Building CXX object CMakeFiles/cmTC_b14c8.dir/feature_tests.cxx.o
/bin/c++     -std=c++11 -o CMakeFiles/cmTC_b14c8.dir/feature_tests.cxx.o -c /home/hadoop/hadoop-3.0.2-src/hadoop-hdfs-project/hadoop-hdfs-native-client/target/CMakeFiles/feature_tests.cxx
Linking CXX executable cmTC_b14c8
/usr/local/bin/cmake -E cmake_link_script CMakeFiles/cmTC_b14c8.dir/link.txt --verbose=1
/bin/c++        CMakeFiles/cmTC_b14c8.dir/feature_tests.cxx.o  -o cmTC_b14c8 -rdynamic 
gmake[1]: Leaving directory `/home/hadoop/hadoop-3.0.2-src/hadoop-hdfs-project/hadoop-hdfs-native-client/target/CMakeFiles/CMakeTmp'


    Feature record: CXX_FEATURE:0cxx_aggregate_default_initializers
    Feature record: CXX_FEATURE:1cxx_alias_templates
    Feature record: CXX_FEATURE:1cxx_alignas
    Feature record: CXX_FEATURE:1cxx_alignof
    Feature record: CXX_FEATURE:1cxx_attributes
    Feature record: CXX_FEATURE:0cxx_attribute_deprecated
    Feature record: CXX_FEATURE:1cxx_auto_type
    Feature record: CXX_FEATURE:0cxx_binary_literals
    Feature record: CXX_FEATURE:1cxx_constexpr
    Feature record: CXX_FEATURE:0cxx_contextual_conversions
    Feature record: CXX_FEATURE:1cxx_decltype
    Feature record: CXX_FEATURE:0cxx_decltype_auto
    Feature record: CXX_FEATURE:1cxx_decltype_incomplete_return_types
    Feature record: CXX_FEATURE:1cxx_default_function_template_args
    Feature record: CXX_FEATURE:1cxx_defaulted_functions
    Feature record: CXX_FEATURE:1cxx_defaulted_move_initializers
    Feature record: CXX_FEATURE:1cxx_delegating_constructors
    Feature record: CXX_FEATURE:1cxx_deleted_functions
    Feature record: CXX_FEATURE:0cxx_digit_separators
    Feature record: CXX_FEATURE:1cxx_enum_forward_declarations
    Feature record: CXX_FEATURE:1cxx_explicit_conversions
    Feature record: CXX_FEATURE:1cxx_extended_friend_declarations
    Feature record: CXX_FEATURE:1cxx_extern_templates
    Feature record: CXX_FEATURE:1cxx_final
    Feature record: CXX_FEATURE:1cxx_func_identifier
    Feature record: CXX_FEATURE:1cxx_generalized_initializers
    Feature record: CXX_FEATURE:0cxx_generic_lambdas
    Feature record: CXX_FEATURE:1cxx_inheriting_constructors
    Feature record: CXX_FEATURE:1cxx_inline_namespaces
    Feature record: CXX_FEATURE:1cxx_lambdas
    Feature record: CXX_FEATURE:0cxx_lambda_init_captures
    Feature record: CXX_FEATURE:1cxx_local_type_template_args
    Feature record: CXX_FEATURE:1cxx_long_long_type
    Feature record: CXX_FEATURE:1cxx_noexcept
    Feature record: CXX_FEATURE:1cxx_nonstatic_member_init
    Feature record: CXX_FEATURE:1cxx_nullptr
    Feature record: CXX_FEATURE:1cxx_override
    Feature record: CXX_FEATURE:1cxx_range_for
    Feature record: CXX_FEATURE:1cxx_raw_string_literals
    Feature record: CXX_FEATURE:1cxx_reference_qualified_functions
    Feature record: CXX_FEATURE:0cxx_relaxed_constexpr
    Feature record: CXX_FEATURE:0cxx_return_type_deduction
    Feature record: CXX_FEATURE:1cxx_right_angle_brackets
    Feature record: CXX_FEATURE:1cxx_rvalue_references
    Feature record: CXX_FEATURE:1cxx_sizeof_member
    Feature record: CXX_FEATURE:1cxx_static_assert
    Feature record: CXX_FEATURE:1cxx_strong_enums
    Feature record: CXX_FEATURE:1cxx_template_template_parameters
    Feature record: CXX_FEATURE:1cxx_thread_local
    Feature record: CXX_FEATURE:1cxx_trailing_return_types
    Feature record: CXX_FEATURE:1cxx_unicode_literals
    Feature record: CXX_FEATURE:1cxx_uniform_initialization
    Feature record: CXX_FEATURE:1cxx_unrestricted_unions
    Feature record: CXX_FEATURE:1cxx_user_literals
    Feature record: CXX_FEATURE:0cxx_variable_templates
    Feature record: CXX_FEATURE:1cxx_variadic_macros
    Feature record: CXX_FEATURE:1cxx_variadic_templates


Detecting CXX [-std=c++98] compiler features compiled with the following output:
Change Dir: /home/hadoop/hadoop-3.0.2-src/hadoop-hdfs-project/hadoop-hdfs-native-client/target/CMakeFiles/CMakeTmp

Run Build Command:"/bin/gmake" "cmTC_24c4b/fast"
/bin/gmake -f CMakeFiles/cmTC_24c4b.dir/build.make CMakeFiles/cmTC_24c4b.dir/build
gmake[1]: Entering directory `/home/hadoop/hadoop-3.0.2-src/hadoop-hdfs-project/hadoop-hdfs-native-client/target/CMakeFiles/CMakeTmp'
Building CXX object CMakeFiles/cmTC_24c4b.dir/feature_tests.cxx.o
/bin/c++     -std=c++98 -o CMakeFiles/cmTC_24c4b.dir/feature_tests.cxx.o -c /home/hadoop/hadoop-3.0.2-src/hadoop-hdfs-project/hadoop-hdfs-native-client/target/CMakeFiles/feature_tests.cxx
Linking CXX executable cmTC_24c4b
/usr/local/bin/cmake -E cmake_link_script CMakeFiles/cmTC_24c4b.dir/link.txt --verbose=1
/bin/c++        CMakeFiles/cmTC_24c4b.dir/feature_tests.cxx.o  -o cmTC_24c4b -rdynamic 
gmake[1]: Leaving directory `/home/hadoop/hadoop-3.0.2-src/hadoop-hdfs-project/hadoop-hdfs-native-client/target/CMakeFiles/CMakeTmp'


    Feature record: CXX_FEATURE:0cxx_aggregate_default_initializers
    Feature record: CXX_FEATURE:0cxx_alias_templates
    Feature record: CXX_FEATURE:0cxx_alignas
    Feature record: CXX_FEATURE:0cxx_alignof
    Feature record: CXX_FEATURE:0cxx_attributes
    Feature record: CXX_FEATURE:0cxx_attribute_deprecated
    Feature record: CXX_FEATURE:0cxx_auto_type
    Feature record: CXX_FEATURE:0cxx_binary_literals
    Feature record: CXX_FEATURE:0cxx_constexpr
    Feature record: CXX_FEATURE:0cxx_contextual_conversions
    Feature record: CXX_FEATURE:0cxx_decltype
    Feature record: CXX_FEATURE:0cxx_decltype_auto
    Feature record: CXX_FEATURE:0cxx_decltype_incomplete_return_types
    Feature record: CXX_FEATURE:0cxx_default_function_template_args
    Feature record: CXX_FEATURE:0cxx_defaulted_functions
    Feature record: CXX_FEATURE:0cxx_defaulted_move_initializers
    Feature record: CXX_FEATURE:0cxx_delegating_constructors
    Feature record: CXX_FEATURE:0cxx_deleted_functions
    Feature record: CXX_FEATURE:0cxx_digit_separators
    Feature record: CXX_FEATURE:0cxx_enum_forward_declarations
    Feature record: CXX_FEATURE:0cxx_explicit_conversions
    Feature record: CXX_FEATURE:0cxx_extended_friend_declarations
    Feature record: CXX_FEATURE:0cxx_extern_templates
    Feature record: CXX_FEATURE:0cxx_final
    Feature record: CXX_FEATURE:0cxx_func_identifier
    Feature record: CXX_FEATURE:0cxx_generalized_initializers
    Feature record: CXX_FEATURE:0cxx_generic_lambdas
    Feature record: CXX_FEATURE:0cxx_inheriting_constructors
    Feature record: CXX_FEATURE:0cxx_inline_namespaces
    Feature record: CXX_FEATURE:0cxx_lambdas
    Feature record: CXX_FEATURE:0cxx_lambda_init_captures
    Feature record: CXX_FEATURE:0cxx_local_type_template_args
    Feature record: CXX_FEATURE:0cxx_long_long_type
    Feature record: CXX_FEATURE:0cxx_noexcept
    Feature record: CXX_FEATURE:0cxx_nonstatic_member_init
    Feature record: CXX_FEATURE:0cxx_nullptr
    Feature record: CXX_FEATURE:0cxx_override
    Feature record: CXX_FEATURE:0cxx_range_for
    Feature record: CXX_FEATURE:0cxx_raw_string_literals
    Feature record: CXX_FEATURE:0cxx_reference_qualified_functions
    Feature record: CXX_FEATURE:0cxx_relaxed_constexpr
    Feature record: CXX_FEATURE:0cxx_return_type_deduction
    Feature record: CXX_FEATURE:0cxx_right_angle_brackets
    Feature record: CXX_FEATURE:0cxx_rvalue_references
    Feature record: CXX_FEATURE:0cxx_sizeof_member
    Feature record: CXX_FEATURE:0cxx_static_assert
    Feature record: CXX_FEATURE:0cxx_strong_enums
    Feature record: CXX_FEATURE:1cxx_template_template_parameters
    Feature record: CXX_FEATURE:0cxx_thread_local
    Feature record: CXX_FEATURE:0cxx_trailing_return_types
    Feature record: CXX_FEATURE:0cxx_unicode_literals
    Feature record: CXX_FEATURE:0cxx_uniform_initialization
    Feature record: CXX_FEATURE:0cxx_unrestricted_unions
    Feature record: CXX_FEATURE:0cxx_user_literals
    Feature record: CXX_FEATURE:0cxx_variable_templates
    Feature record: CXX_FEATURE:0cxx_variadic_macros
    Feature record: CXX_FEATURE:0cxx_variadic_templates
Determining if the include file pthread.h exists passed with the following output:
Change Dir: /home/hadoop/hadoop-3.0.2-src/hadoop-hdfs-project/hadoop-hdfs-native-client/target/CMakeFiles/CMakeTmp

Run Build Command:"/bin/gmake" "cmTC_c0d83/fast"
/bin/gmake -f CMakeFiles/cmTC_c0d83.dir/build.make CMakeFiles/cmTC_c0d83.dir/build
gmake[1]: Entering directory `/home/hadoop/hadoop-3.0.2-src/hadoop-hdfs-project/hadoop-hdfs-native-client/target/CMakeFiles/CMakeTmp'
Building C object CMakeFiles/cmTC_c0d83.dir/CheckIncludeFile.c.o
/bin/cc     -o CMakeFiles/cmTC_c0d83.dir/CheckIncludeFile.c.o   -c /home/hadoop/hadoop-3.0.2-src/hadoop-hdfs-project/hadoop-hdfs-native-client/target/CMakeFiles/CMakeTmp/CheckIncludeFile.c
Linking C executable cmTC_c0d83
/usr/local/bin/cmake -E cmake_link_script CMakeFiles/cmTC_c0d83.dir/link.txt --verbose=1
/bin/cc       CMakeFiles/cmTC_c0d83.dir/CheckIncludeFile.c.o  -o cmTC_c0d83 -rdynamic 
gmake[1]: Leaving directory `/home/hadoop/hadoop-3.0.2-src/hadoop-hdfs-project/hadoop-hdfs-native-client/target/CMakeFiles/CMakeTmp'


Determining if the function pthread_create exists in the pthread passed with the following output:
Change Dir: /home/hadoop/hadoop-3.0.2-src/hadoop-hdfs-project/hadoop-hdfs-native-client/target/CMakeFiles/CMakeTmp

Run Build Command:"/bin/gmake" "cmTC_15b97/fast"
/bin/gmake -f CMakeFiles/cmTC_15b97.dir/build.make CMakeFiles/cmTC_15b97.dir/build
gmake[1]: Entering directory `/home/hadoop/hadoop-3.0.2-src/hadoop-hdfs-project/hadoop-hdfs-native-client/target/CMakeFiles/CMakeTmp'
Building C object CMakeFiles/cmTC_15b97.dir/CheckFunctionExists.c.o
/bin/cc    -DCHECK_FUNCTION_EXISTS=pthread_create   -o CMakeFiles/cmTC_15b97.dir/CheckFunctionExists.c.o   -c /usr/local/share/cmake-3.6/Modules/CheckFunctionExists.c
Linking C executable cmTC_15b97
/usr/local/bin/cmake -E cmake_link_script CMakeFiles/cmTC_15b97.dir/link.txt --verbose=1
/bin/cc   -DCHECK_FUNCTION_EXISTS=pthread_create    CMakeFiles/cmTC_15b97.dir/CheckFunctionExists.c.o  -o cmTC_15b97 -rdynamic -lpthread 
gmake[1]: Leaving directory `/home/hadoop/hadoop-3.0.2-src/hadoop-hdfs-project/hadoop-hdfs-native-client/target/CMakeFiles/CMakeTmp'


Performing C SOURCE FILE Test HAVE_BETTER_TLS succeeded with the following output:
Change Dir: /home/hadoop/hadoop-3.0.2-src/hadoop-hdfs-project/hadoop-hdfs-native-client/target/CMakeFiles/CMakeTmp

Run Build Command:"/bin/gmake" "cmTC_4014f/fast"
/bin/gmake -f CMakeFiles/cmTC_4014f.dir/build.make CMakeFiles/cmTC_4014f.dir/build
gmake[1]: Entering directory `/home/hadoop/hadoop-3.0.2-src/hadoop-hdfs-project/hadoop-hdfs-native-client/target/CMakeFiles/CMakeTmp'
Building C object CMakeFiles/cmTC_4014f.dir/src.c.o
/bin/cc    -g -O2 -Wall -pthread -D_FILE_OFFSET_BITS=64 -D_GNU_SOURCE -DHAVE_BETTER_TLS   -o CMakeFiles/cmTC_4014f.dir/src.c.o   -c /home/hadoop/hadoop-3.0.2-src/hadoop-hdfs-project/hadoop-hdfs-native-client/target/CMakeFiles/CMakeTmp/src.c
/home/hadoop/hadoop-3.0.2-src/hadoop-hdfs-project/hadoop-hdfs-native-client/target/CMakeFiles/CMakeTmp/src.c: In function ‘main’:
/home/hadoop/hadoop-3.0.2-src/hadoop-hdfs-project/hadoop-hdfs-native-client/target/CMakeFiles/CMakeTmp/src.c:1:38: warning: unused variable ‘i’ [-Wunused-variable]
 int main(void) { static __thread int i = 0; return 0; }
                                      ^
Linking C executable cmTC_4014f
/usr/local/bin/cmake -E cmake_link_script CMakeFiles/cmTC_4014f.dir/link.txt --verbose=1
/bin/cc   -g -O2 -Wall -pthread -D_FILE_OFFSET_BITS=64 -D_GNU_SOURCE -DHAVE_BETTER_TLS    CMakeFiles/cmTC_4014f.dir/src.c.o  -o cmTC_4014f -rdynamic 
gmake[1]: Leaving directory `/home/hadoop/hadoop-3.0.2-src/hadoop-hdfs-project/hadoop-hdfs-native-client/target/CMakeFiles/CMakeTmp'

Source file was:
int main(void) { static __thread int i = 0; return 0; }
Performing C SOURCE FILE Test HAVE_INTEL_SSE_INTRINSICS succeeded with the following output:
Change Dir: /home/hadoop/hadoop-3.0.2-src/hadoop-hdfs-project/hadoop-hdfs-native-client/target/CMakeFiles/CMakeTmp

Run Build Command:"/bin/gmake" "cmTC_d6d53/fast"
/bin/gmake -f CMakeFiles/cmTC_d6d53.dir/build.make CMakeFiles/cmTC_d6d53.dir/build
gmake[1]: Entering directory `/home/hadoop/hadoop-3.0.2-src/hadoop-hdfs-project/hadoop-hdfs-native-client/target/CMakeFiles/CMakeTmp'
Building C object CMakeFiles/cmTC_d6d53.dir/src.c.o
/bin/cc    -g -O2 -Wall -pthread -D_FILE_OFFSET_BITS=64 -D_GNU_SOURCE -DHAVE_INTEL_SSE_INTRINSICS   -o CMakeFiles/cmTC_d6d53.dir/src.c.o   -c /home/hadoop/hadoop-3.0.2-src/hadoop-hdfs-project/hadoop-hdfs-native-client/target/CMakeFiles/CMakeTmp/src.c
/home/hadoop/hadoop-3.0.2-src/hadoop-hdfs-project/hadoop-hdfs-native-client/target/CMakeFiles/CMakeTmp/src.c: In function ‘main’:
/home/hadoop/hadoop-3.0.2-src/hadoop-hdfs-project/hadoop-hdfs-native-client/target/CMakeFiles/CMakeTmp/src.c:2:26: warning: unused variable ‘sum0’ [-Wunused-variable]
 int main(void) { __m128d sum0 = _mm_set_pd(0.0,0.0); return 0; }
                          ^
Linking C executable cmTC_d6d53
/usr/local/bin/cmake -E cmake_link_script CMakeFiles/cmTC_d6d53.dir/link.txt --verbose=1
/bin/cc   -g -O2 -Wall -pthread -D_FILE_OFFSET_BITS=64 -D_GNU_SOURCE -DHAVE_INTEL_SSE_INTRINSICS    CMakeFiles/cmTC_d6d53.dir/src.c.o  -o cmTC_d6d53 -rdynamic 
gmake[1]: Leaving directory `/home/hadoop/hadoop-3.0.2-src/hadoop-hdfs-project/hadoop-hdfs-native-client/target/CMakeFiles/CMakeTmp'

Source file was:
#include <emmintrin.h>
int main(void) { __m128d sum0 = _mm_set_pd(0.0,0.0); return 0; }
Determining if the function dlopen exists in the dl passed with the following output:
Change Dir: /home/hadoop/hadoop-3.0.2-src/hadoop-hdfs-project/hadoop-hdfs-native-client/target/CMakeFiles/CMakeTmp

Run Build Command:"/bin/gmake" "cmTC_43722/fast"
/bin/gmake -f CMakeFiles/cmTC_43722.dir/build.make CMakeFiles/cmTC_43722.dir/build
gmake[1]: Entering directory `/home/hadoop/hadoop-3.0.2-src/hadoop-hdfs-project/hadoop-hdfs-native-client/target/CMakeFiles/CMakeTmp'
Building C object CMakeFiles/cmTC_43722.dir/CheckFunctionExists.c.o
/bin/cc    -g -O2 -Wall -pthread -D_FILE_OFFSET_BITS=64 -D_GNU_SOURCE -DCHECK_FUNCTION_EXISTS=dlopen   -o CMakeFiles/cmTC_43722.dir/CheckFunctionExists.c.o   -c /usr/local/share/cmake-3.6/Modules/CheckFunctionExists.c
Linking C executable cmTC_43722
/usr/local/bin/cmake -E cmake_link_script CMakeFiles/cmTC_43722.dir/link.txt --verbose=1
/bin/cc   -g -O2 -Wall -pthread -D_FILE_OFFSET_BITS=64 -D_GNU_SOURCE -DCHECK_FUNCTION_EXISTS=dlopen    CMakeFiles/cmTC_43722.dir/CheckFunctionExists.c.o  -o cmTC_43722 -rdynamic -ldl 
gmake[1]: Leaving directory `/home/hadoop/hadoop-3.0.2-src/hadoop-hdfs-project/hadoop-hdfs-native-client/target/CMakeFiles/CMakeTmp'


